2025-07-25 20:54:18,350 [INFO] CuisineCraft: Connecting to database...
2025-07-25 20:54:18,351 [INFO] CuisineCraft: Database connection successful.
2025-07-25 20:54:18,351 [INFO] CuisineCraft: All tables created or already exist.
2025-07-25 20:54:18,353 [INFO] CuisineCraft: Disconnecting from database.
2025-07-25 20:54:18,353 [INFO] CuisineCraft: Connecting to database...
2025-07-25 20:54:18,353 [INFO] CuisineCraft: Database connection successful.
2025-07-25 20:54:18,354 [INFO] CuisineCraft: All tables created or already exist.
2025-07-25 20:54:18,355 [INFO] CuisineCraft: Disconnecting from database.
2025-07-25 20:54:18,355 [INFO] CuisineCraft: Connecting to database...
2025-07-25 20:54:18,355 [INFO] CuisineCraft: Database connection successful.
2025-07-25 20:54:18,355 [INFO] CuisineCraft: All tables created or already exist.
2025-07-25 20:54:18,355 [INFO] CuisineCraft: Disconnecting from database.
2025-07-25 20:54:18,355 [INFO] CuisineCraft: Connecting to database...
2025-07-25 20:54:18,356 [INFO] CuisineCraft: Database connection successful.
2025-07-25 20:54:18,356 [INFO] CuisineCraft: All tables created or already exist.
2025-07-25 20:54:18,357 [INFO] CuisineCraft: Disconnecting from database.
2025-07-25 20:54:18,429 [INFO] CuisineCraft: Connecting to database...
2025-07-25 20:54:18,429 [INFO] CuisineCraft: Database connection successful.
2025-07-25 20:54:18,429 [INFO] CuisineCraft: All tables created or already exist.
2025-07-25 20:54:18,431 [INFO] CuisineCraft: Disconnecting from database.
2025-07-25 20:54:18,444 [INFO] CuisineCraft: Connecting to database...
2025-07-25 20:54:18,444 [INFO] CuisineCraft: Database connection successful.
2025-07-25 20:54:18,444 [INFO] CuisineCraft: All tables created or already exist.
2025-07-25 20:54:18,445 [INFO] CuisineCraft: Disconnecting from database.
2025-07-25 20:54:35,767 [INFO] CuisineCraft: Connecting to database...
2025-07-25 20:54:35,768 [INFO] CuisineCraft: Database connection successful.
2025-07-25 20:54:35,769 [INFO] CuisineCraft: All tables created or already exist.
2025-07-25 20:54:35,770 [INFO] CuisineCraft: Disconnecting from database.
2025-07-25 20:58:05,745 [INFO] CuisineCraft: Connecting to database...
2025-07-25 20:58:05,746 [INFO] CuisineCraft: Database connection successful.
2025-07-25 20:58:05,772 [INFO] CuisineCraft: All tables created or already exist.
2025-07-25 20:58:05,775 [INFO] CuisineCraft: Disconnecting from database.
2025-07-25 20:58:05,775 [INFO] CuisineCraft: Connecting to database...
2025-07-25 20:58:05,776 [INFO] CuisineCraft: Database connection successful.
2025-07-25 20:58:05,776 [INFO] CuisineCraft: All tables created or already exist.
2025-07-25 20:58:05,777 [INFO] CuisineCraft: Disconnecting from database.
2025-07-25 20:58:05,777 [INFO] CuisineCraft: Connecting to database...
2025-07-25 20:58:05,777 [INFO] CuisineCraft: Database connection successful.
2025-07-25 20:58:05,778 [INFO] CuisineCraft: All tables created or already exist.
2025-07-25 20:58:05,778 [INFO] CuisineCraft: Disconnecting from database.
2025-07-25 20:58:05,778 [INFO] CuisineCraft: Connecting to database...
2025-07-25 20:58:05,778 [INFO] CuisineCraft: Database connection successful.
2025-07-25 20:58:05,778 [INFO] CuisineCraft: All tables created or already exist.
2025-07-25 20:58:05,779 [INFO] CuisineCraft: Disconnecting from database.
2025-07-25 20:58:05,823 [INFO] CuisineCraft: Connecting to database...
2025-07-25 20:58:05,824 [INFO] CuisineCraft: Database connection successful.
2025-07-25 20:58:05,824 [INFO] CuisineCraft: All tables created or already exist.
2025-07-25 20:58:05,825 [INFO] CuisineCraft: Disconnecting from database.
2025-07-25 20:58:05,839 [INFO] CuisineCraft: Connecting to database...
2025-07-25 20:58:05,839 [INFO] CuisineCraft: Database connection successful.
2025-07-25 20:58:05,839 [INFO] CuisineCraft: All tables created or already exist.
2025-07-25 20:58:05,840 [INFO] CuisineCraft: Disconnecting from database.
2025-07-25 20:58:07,701 [INFO] CuisineCraft: Connecting to database...
2025-07-25 20:58:07,701 [INFO] CuisineCraft: Database connection successful.
2025-07-25 20:58:07,702 [INFO] CuisineCraft: All tables created or already exist.
2025-07-25 20:58:07,702 [INFO] CuisineCraft: Disconnecting from database.
2025-07-25 20:58:08,005 [INFO] CuisineCraft: Connecting to database...
2025-07-25 20:58:08,006 [INFO] CuisineCraft: Database connection successful.
2025-07-25 20:58:08,006 [INFO] CuisineCraft: All tables created or already exist.
2025-07-25 20:58:08,008 [INFO] CuisineCraft: Disconnecting from database.
2025-07-25 20:58:08,173 [INFO] CuisineCraft: Connecting to database...
2025-07-25 20:58:08,174 [INFO] CuisineCraft: Database connection successful.
2025-07-25 20:58:08,175 [INFO] CuisineCraft: All tables created or already exist.
2025-07-25 20:58:08,176 [INFO] CuisineCraft: Disconnecting from database.
2025-07-25 20:58:08,333 [INFO] CuisineCraft: Connecting to database...
2025-07-25 20:58:08,334 [INFO] CuisineCraft: Database connection successful.
2025-07-25 20:58:08,334 [INFO] CuisineCraft: All tables created or already exist.
2025-07-25 20:58:08,335 [INFO] CuisineCraft: Disconnecting from database.
2025-07-25 21:44:33,180 [INFO] CuisineCraft: Connecting to database...
2025-07-25 21:44:33,182 [INFO] CuisineCraft: Database connection successful.
2025-07-25 21:44:33,232 [INFO] CuisineCraft: All tables created or already exist.
2025-07-25 21:44:33,239 [INFO] CuisineCraft: Disconnecting from database.
2025-07-25 21:44:33,240 [INFO] CuisineCraft: Connecting to database...
2025-07-25 21:44:33,241 [INFO] CuisineCraft: Database connection successful.
2025-07-25 21:44:33,241 [INFO] CuisineCraft: All tables created or already exist.
2025-07-25 21:44:33,243 [INFO] CuisineCraft: Disconnecting from database.
2025-07-25 21:44:33,243 [INFO] CuisineCraft: Connecting to database...
2025-07-25 21:44:33,244 [INFO] CuisineCraft: Database connection successful.
2025-07-25 21:44:33,244 [INFO] CuisineCraft: All tables created or already exist.
2025-07-25 21:44:33,244 [INFO] CuisineCraft: Disconnecting from database.
2025-07-25 21:44:33,244 [INFO] CuisineCraft: Connecting to database...
2025-07-25 21:44:33,245 [INFO] CuisineCraft: Database connection successful.
2025-07-25 21:44:33,245 [INFO] CuisineCraft: All tables created or already exist.
2025-07-25 21:44:33,247 [INFO] CuisineCraft: Disconnecting from database.
2025-07-25 21:44:33,367 [INFO] CuisineCraft: Connecting to database...
2025-07-25 21:44:33,368 [INFO] CuisineCraft: Database connection successful.
2025-07-25 21:44:33,369 [INFO] CuisineCraft: All tables created or already exist.
2025-07-25 21:44:33,370 [INFO] CuisineCraft: Disconnecting from database.
2025-07-25 21:44:33,392 [INFO] CuisineCraft: Connecting to database...
2025-07-25 21:44:33,392 [INFO] CuisineCraft: Database connection successful.
2025-07-25 21:44:33,392 [INFO] CuisineCraft: All tables created or already exist.
2025-07-25 21:44:33,395 [INFO] CuisineCraft: Disconnecting from database.
2025-07-25 21:44:39,374 [INFO] CuisineCraft: Connecting to database...
2025-07-25 21:44:39,375 [INFO] CuisineCraft: Database connection successful.
2025-07-25 21:44:39,375 [INFO] CuisineCraft: All tables created or already exist.
2025-07-25 21:44:39,377 [INFO] CuisineCraft: Disconnecting from database.
2025-07-25 21:44:41,000 [INFO] CuisineCraft: Connecting to database...
2025-07-25 21:44:41,000 [INFO] CuisineCraft: Database connection successful.
2025-07-25 21:44:41,001 [INFO] CuisineCraft: All tables created or already exist.
2025-07-25 21:44:41,003 [INFO] CuisineCraft: Disconnecting from database.
2025-07-25 21:44:41,003 [INFO] CuisineCraft: Connecting to database...
2025-07-25 21:44:41,004 [INFO] CuisineCraft: Database connection successful.
2025-07-25 21:44:41,004 [INFO] CuisineCraft: All tables created or already exist.
2025-07-25 21:44:41,006 [INFO] CuisineCraft: Disconnecting from database.
2025-07-25 21:47:02,519 [INFO] CuisineCraft: Connecting to database...
2025-07-25 21:47:02,520 [INFO] CuisineCraft: Database connection successful.
2025-07-25 21:47:02,551 [INFO] CuisineCraft: All tables created or already exist.
2025-07-25 21:47:02,556 [INFO] CuisineCraft: Disconnecting from database.
2025-07-25 21:47:02,556 [INFO] CuisineCraft: Connecting to database...
2025-07-25 21:47:02,558 [INFO] CuisineCraft: Database connection successful.
2025-07-25 21:47:02,559 [INFO] CuisineCraft: All tables created or already exist.
2025-07-25 21:47:02,564 [INFO] CuisineCraft: Disconnecting from database.
2025-07-25 21:47:02,565 [INFO] CuisineCraft: Connecting to database...
2025-07-25 21:47:02,566 [INFO] CuisineCraft: Database connection successful.
2025-07-25 21:47:02,566 [INFO] CuisineCraft: All tables created or already exist.
2025-07-25 21:47:02,570 [INFO] CuisineCraft: Disconnecting from database.
2025-07-25 21:47:02,570 [INFO] CuisineCraft: Connecting to database...
2025-07-25 21:47:02,571 [INFO] CuisineCraft: Database connection successful.
2025-07-25 21:47:02,571 [INFO] CuisineCraft: All tables created or already exist.
2025-07-25 21:47:02,573 [INFO] CuisineCraft: Disconnecting from database.
2025-07-25 21:47:02,725 [INFO] CuisineCraft: Connecting to database...
2025-07-25 21:47:02,725 [INFO] CuisineCraft: Database connection successful.
2025-07-25 21:47:02,726 [INFO] CuisineCraft: All tables created or already exist.
2025-07-25 21:47:02,727 [INFO] CuisineCraft: Disconnecting from database.
2025-07-25 21:47:02,761 [INFO] CuisineCraft: Connecting to database...
2025-07-25 21:47:02,762 [INFO] CuisineCraft: Database connection successful.
2025-07-25 21:47:02,762 [INFO] CuisineCraft: All tables created or already exist.
2025-07-25 21:47:02,764 [INFO] CuisineCraft: Disconnecting from database.
2025-07-25 21:53:24,485 [INFO] CuisineCraft: Connecting to database...
2025-07-25 21:53:24,486 [INFO] CuisineCraft: Database connection successful.
2025-07-25 21:53:24,487 [INFO] CuisineCraft: All tables created or already exist.
2025-07-25 21:53:24,491 [INFO] CuisineCraft: Disconnecting from database.
2025-07-25 21:53:24,491 [INFO] CuisineCraft: Connecting to database...
2025-07-25 21:53:24,491 [INFO] CuisineCraft: Database connection successful.
2025-07-25 21:53:24,492 [INFO] CuisineCraft: All tables created or already exist.
2025-07-25 21:53:24,493 [INFO] CuisineCraft: Disconnecting from database.
2025-07-25 21:53:24,493 [INFO] CuisineCraft: Connecting to database...
2025-07-25 21:53:24,494 [INFO] CuisineCraft: Database connection successful.
2025-07-25 21:53:24,494 [INFO] CuisineCraft: All tables created or already exist.
2025-07-25 21:53:24,495 [INFO] CuisineCraft: Disconnecting from database.
2025-07-25 21:53:24,495 [INFO] CuisineCraft: Connecting to database...
2025-07-25 21:53:24,495 [INFO] CuisineCraft: Database connection successful.
2025-07-25 21:53:24,496 [INFO] CuisineCraft: All tables created or already exist.
2025-07-25 21:53:24,497 [INFO] CuisineCraft: Disconnecting from database.
2025-07-25 21:53:24,585 [INFO] CuisineCraft: Connecting to database...
2025-07-25 21:53:24,585 [INFO] CuisineCraft: Database connection successful.
2025-07-25 21:53:24,586 [INFO] CuisineCraft: All tables created or already exist.
2025-07-25 21:53:24,587 [INFO] CuisineCraft: Disconnecting from database.
2025-07-25 21:53:24,609 [INFO] CuisineCraft: Connecting to database...
2025-07-25 21:53:24,609 [INFO] CuisineCraft: Database connection successful.
2025-07-25 21:53:24,610 [INFO] CuisineCraft: All tables created or already exist.
2025-07-25 21:53:24,612 [INFO] CuisineCraft: Disconnecting from database.
2025-07-25 21:53:27,103 [INFO] CuisineCraft: Connecting to database...
2025-07-25 21:53:27,104 [INFO] CuisineCraft: Database connection successful.
2025-07-25 21:53:27,105 [INFO] CuisineCraft: All tables created or already exist.
2025-07-25 21:53:27,106 [INFO] CuisineCraft: Disconnecting from database.
2025-07-25 21:53:49,225 [INFO] CuisineCraft: Connecting to database...
2025-07-25 21:53:49,226 [ERROR] CuisineCraft: Failed to refresh manual menu recipe list: expected str, bytes or os.PathLike object, not NoneType
2025-07-25 21:53:56,875 [INFO] CuisineCraft: Connecting to database...
2025-07-25 21:53:56,875 [ERROR] CuisineCraft: Failed to populate manual menu combos: expected str, bytes or os.PathLike object, not NoneType
2025-07-25 21:53:56,875 [INFO] CuisineCraft: Connecting to database...
2025-07-25 21:53:56,875 [ERROR] CuisineCraft: Failed to load manual week menu: expected str, bytes or os.PathLike object, not NoneType
2025-07-25 21:53:58,311 [INFO] CuisineCraft: Connecting to database...
2025-07-25 21:53:58,311 [ERROR] CuisineCraft: Failed to populate recipe combo: expected str, bytes or os.PathLike object, not NoneType
2025-07-25 21:53:58,325 [INFO] CuisineCraft: Connecting to database...
2025-07-25 21:53:58,326 [ERROR] CuisineCraft: Failed to refresh recipe list: expected str, bytes or os.PathLike object, not NoneType
2025-07-25 22:00:25,869 [INFO] CuisineCraft: Connecting to database...
2025-07-25 22:00:25,869 [INFO] CuisineCraft: Database connection successful.
2025-07-25 22:00:25,869 [INFO] CuisineCraft: All tables created or already exist.
2025-07-25 22:00:25,875 [INFO] CuisineCraft: Disconnecting from database.
2025-07-25 22:00:25,875 [INFO] CuisineCraft: Connecting to database...
2025-07-25 22:00:25,878 [INFO] CuisineCraft: Database connection successful.
2025-07-25 22:00:25,878 [INFO] CuisineCraft: All tables created or already exist.
2025-07-25 22:00:25,879 [INFO] CuisineCraft: Disconnecting from database.
2025-07-25 22:00:25,880 [INFO] CuisineCraft: Connecting to database...
2025-07-25 22:00:25,880 [INFO] CuisineCraft: Database connection successful.
2025-07-25 22:00:25,881 [INFO] CuisineCraft: All tables created or already exist.
2025-07-25 22:00:25,881 [INFO] CuisineCraft: Disconnecting from database.
2025-07-25 22:00:25,881 [INFO] CuisineCraft: Connecting to database...
2025-07-25 22:00:25,881 [INFO] CuisineCraft: Database connection successful.
2025-07-25 22:00:25,882 [INFO] CuisineCraft: All tables created or already exist.
2025-07-25 22:00:25,884 [INFO] CuisineCraft: Disconnecting from database.
2025-07-25 22:00:26,016 [INFO] CuisineCraft: Connecting to database...
2025-07-25 22:00:26,017 [INFO] CuisineCraft: Database connection successful.
2025-07-25 22:00:26,017 [INFO] CuisineCraft: All tables created or already exist.
2025-07-25 22:00:26,019 [INFO] CuisineCraft: Disconnecting from database.
2025-07-25 22:00:26,038 [INFO] CuisineCraft: Connecting to database...
2025-07-25 22:00:26,039 [INFO] CuisineCraft: Database connection successful.
2025-07-25 22:00:26,040 [INFO] CuisineCraft: All tables created or already exist.
2025-07-25 22:00:26,042 [INFO] CuisineCraft: Disconnecting from database.
2025-07-25 22:00:57,828 [INFO] CuisineCraft: Connecting to database...
2025-07-25 22:00:57,829 [INFO] CuisineCraft: Database connection successful.
2025-07-25 22:00:57,830 [INFO] CuisineCraft: All tables created or already exist.
2025-07-25 22:00:57,832 [INFO] CuisineCraft: Disconnecting from database.
2025-07-25 22:00:58,331 [INFO] CuisineCraft: Connecting to database...
2025-07-25 22:00:58,332 [INFO] CuisineCraft: Database connection successful.
2025-07-25 22:00:58,333 [INFO] CuisineCraft: All tables created or already exist.
2025-07-25 22:00:58,334 [INFO] CuisineCraft: Disconnecting from database.
2025-07-25 22:00:58,496 [INFO] CuisineCraft: Connecting to database...
2025-07-25 22:00:58,497 [INFO] CuisineCraft: Database connection successful.
2025-07-25 22:00:58,498 [INFO] CuisineCraft: All tables created or already exist.
2025-07-25 22:00:58,503 [INFO] CuisineCraft: Disconnecting from database.
2025-07-25 22:03:03,432 [INFO] CuisineCraft: Connecting to database...
2025-07-25 22:03:03,432 [INFO] CuisineCraft: Database connection successful.
2025-07-25 22:03:03,436 [INFO] CuisineCraft: All tables created or already exist.
2025-07-25 22:03:03,441 [INFO] CuisineCraft: Disconnecting from database.
2025-07-25 22:03:03,443 [INFO] CuisineCraft: Connecting to database...
2025-07-25 22:03:03,443 [INFO] CuisineCraft: Database connection successful.
2025-07-25 22:03:03,445 [INFO] CuisineCraft: All tables created or already exist.
2025-07-25 22:03:03,448 [INFO] CuisineCraft: Disconnecting from database.
2025-07-25 22:03:03,449 [INFO] CuisineCraft: Connecting to database...
2025-07-25 22:03:03,450 [INFO] CuisineCraft: Database connection successful.
2025-07-25 22:03:03,452 [INFO] CuisineCraft: All tables created or already exist.
2025-07-25 22:03:03,452 [INFO] CuisineCraft: Disconnecting from database.
2025-07-25 22:03:03,453 [INFO] CuisineCraft: Connecting to database...
2025-07-25 22:03:03,454 [INFO] CuisineCraft: Database connection successful.
2025-07-25 22:03:03,455 [INFO] CuisineCraft: All tables created or already exist.
2025-07-25 22:03:03,459 [INFO] CuisineCraft: Disconnecting from database.
2025-07-25 22:03:03,588 [INFO] CuisineCraft: Connecting to database...
2025-07-25 22:03:03,588 [INFO] CuisineCraft: Database connection successful.
2025-07-25 22:03:03,589 [INFO] CuisineCraft: All tables created or already exist.
2025-07-25 22:03:03,591 [INFO] CuisineCraft: Disconnecting from database.
2025-07-25 22:03:03,615 [INFO] CuisineCraft: Connecting to database...
2025-07-25 22:03:03,616 [INFO] CuisineCraft: Database connection successful.
2025-07-25 22:03:03,617 [INFO] CuisineCraft: All tables created or already exist.
2025-07-25 22:03:03,620 [INFO] CuisineCraft: Disconnecting from database.
2025-07-25 22:06:54,670 [INFO] CuisineCraft: Connecting to database...
2025-07-25 22:06:54,671 [INFO] CuisineCraft: Database connection successful.
2025-07-25 22:06:54,673 [INFO] CuisineCraft: All tables created or already exist.
2025-07-25 22:06:54,679 [INFO] CuisineCraft: Disconnecting from database.
2025-07-25 22:06:54,680 [INFO] CuisineCraft: Connecting to database...
2025-07-25 22:06:54,681 [INFO] CuisineCraft: Database connection successful.
2025-07-25 22:06:54,682 [INFO] CuisineCraft: All tables created or already exist.
2025-07-25 22:06:54,686 [INFO] CuisineCraft: Disconnecting from database.
2025-07-25 22:06:54,687 [INFO] CuisineCraft: Connecting to database...
2025-07-25 22:06:54,688 [INFO] CuisineCraft: Database connection successful.
2025-07-25 22:06:54,689 [INFO] CuisineCraft: All tables created or already exist.
2025-07-25 22:06:54,693 [INFO] CuisineCraft: Disconnecting from database.
2025-07-25 22:06:54,696 [INFO] CuisineCraft: Connecting to database...
2025-07-25 22:06:54,697 [INFO] CuisineCraft: Database connection successful.
2025-07-25 22:06:54,699 [INFO] CuisineCraft: All tables created or already exist.
2025-07-25 22:06:54,703 [INFO] CuisineCraft: Disconnecting from database.
2025-07-25 22:06:54,853 [INFO] CuisineCraft: Connecting to database...
2025-07-25 22:06:54,853 [INFO] CuisineCraft: Database connection successful.
2025-07-25 22:06:54,863 [INFO] CuisineCraft: All tables created or already exist.
2025-07-25 22:06:54,867 [INFO] CuisineCraft: Disconnecting from database.
2025-07-25 22:06:54,894 [INFO] CuisineCraft: Connecting to database...
2025-07-25 22:06:54,895 [INFO] CuisineCraft: Database connection successful.
2025-07-25 22:06:54,896 [INFO] CuisineCraft: All tables created or already exist.
2025-07-25 22:06:54,898 [INFO] CuisineCraft: Disconnecting from database.
2025-07-25 22:07:46,847 [INFO] CuisineCraft: Connecting to database...
2025-07-25 22:07:46,848 [INFO] CuisineCraft: Database connection successful.
2025-07-25 22:07:46,850 [INFO] CuisineCraft: All tables created or already exist.
2025-07-25 22:07:46,855 [INFO] CuisineCraft: Disconnecting from database.
2025-07-25 22:07:46,856 [INFO] CuisineCraft: Connecting to database...
2025-07-25 22:07:46,857 [INFO] CuisineCraft: Database connection successful.
2025-07-25 22:07:46,858 [INFO] CuisineCraft: All tables created or already exist.
2025-07-25 22:07:46,862 [INFO] CuisineCraft: Disconnecting from database.
2025-07-25 22:07:46,863 [INFO] CuisineCraft: Connecting to database...
2025-07-25 22:07:46,863 [INFO] CuisineCraft: Database connection successful.
2025-07-25 22:07:46,865 [INFO] CuisineCraft: All tables created or already exist.
2025-07-25 22:07:46,867 [INFO] CuisineCraft: Disconnecting from database.
2025-07-25 22:07:46,870 [INFO] CuisineCraft: Connecting to database...
2025-07-25 22:07:46,870 [INFO] CuisineCraft: Database connection successful.
2025-07-25 22:07:46,873 [INFO] CuisineCraft: All tables created or already exist.
2025-07-25 22:07:46,877 [INFO] CuisineCraft: Disconnecting from database.
2025-07-25 22:07:47,007 [INFO] CuisineCraft: Connecting to database...
2025-07-25 22:07:47,008 [INFO] CuisineCraft: Database connection successful.
2025-07-25 22:07:47,010 [INFO] CuisineCraft: All tables created or already exist.
2025-07-25 22:07:47,012 [INFO] CuisineCraft: Disconnecting from database.
2025-07-25 22:07:47,044 [INFO] CuisineCraft: Connecting to database...
2025-07-25 22:07:47,045 [INFO] CuisineCraft: Database connection successful.
2025-07-25 22:07:47,047 [INFO] CuisineCraft: All tables created or already exist.
2025-07-25 22:07:47,049 [INFO] CuisineCraft: Disconnecting from database.
2025-07-25 22:08:35,870 [INFO] CuisineCraft: Connecting to database...
2025-07-25 22:08:35,871 [INFO] CuisineCraft: Database connection successful.
2025-07-25 22:08:35,872 [INFO] CuisineCraft: All tables created or already exist.
2025-07-25 22:08:35,876 [INFO] CuisineCraft: Disconnecting from database.
2025-07-25 22:08:35,878 [INFO] CuisineCraft: Connecting to database...
2025-07-25 22:08:35,878 [INFO] CuisineCraft: Database connection successful.
2025-07-25 22:08:35,879 [INFO] CuisineCraft: All tables created or already exist.
2025-07-25 22:08:35,882 [INFO] CuisineCraft: Disconnecting from database.
2025-07-25 22:08:35,884 [INFO] CuisineCraft: Connecting to database...
2025-07-25 22:08:35,884 [INFO] CuisineCraft: Database connection successful.
2025-07-25 22:08:35,886 [INFO] CuisineCraft: All tables created or already exist.
2025-07-25 22:08:35,886 [INFO] CuisineCraft: Disconnecting from database.
2025-07-25 22:08:35,887 [INFO] CuisineCraft: Connecting to database...
2025-07-25 22:08:35,888 [INFO] CuisineCraft: Database connection successful.
2025-07-25 22:08:35,889 [INFO] CuisineCraft: All tables created or already exist.
2025-07-25 22:08:35,892 [INFO] CuisineCraft: Disconnecting from database.
2025-07-25 22:08:35,996 [INFO] CuisineCraft: Connecting to database...
2025-07-25 22:08:35,997 [INFO] CuisineCraft: Database connection successful.
2025-07-25 22:08:35,998 [INFO] CuisineCraft: All tables created or already exist.
2025-07-25 22:08:36,000 [INFO] CuisineCraft: Disconnecting from database.
2025-07-25 22:08:36,027 [INFO] CuisineCraft: Connecting to database...
2025-07-25 22:08:36,027 [INFO] CuisineCraft: Database connection successful.
2025-07-25 22:08:36,029 [INFO] CuisineCraft: All tables created or already exist.
2025-07-25 22:08:36,031 [INFO] CuisineCraft: Disconnecting from database.
2025-07-25 22:09:35,375 [INFO] CuisineCraft: Connecting to database...
2025-07-25 22:09:35,375 [INFO] CuisineCraft: Database connection successful.
2025-07-25 22:09:35,377 [INFO] CuisineCraft: All tables created or already exist.
2025-07-25 22:09:35,383 [INFO] CuisineCraft: Disconnecting from database.
2025-07-25 22:09:35,383 [INFO] CuisineCraft: Connecting to database...
2025-07-25 22:09:35,384 [INFO] CuisineCraft: Database connection successful.
2025-07-25 22:09:35,385 [INFO] CuisineCraft: All tables created or already exist.
2025-07-25 22:09:35,390 [INFO] CuisineCraft: Disconnecting from database.
2025-07-25 22:09:35,391 [INFO] CuisineCraft: Connecting to database...
2025-07-25 22:09:35,391 [INFO] CuisineCraft: Database connection successful.
2025-07-25 22:09:35,393 [INFO] CuisineCraft: All tables created or already exist.
2025-07-25 22:09:35,393 [INFO] CuisineCraft: Disconnecting from database.
2025-07-25 22:09:35,395 [INFO] CuisineCraft: Connecting to database...
2025-07-25 22:09:35,395 [INFO] CuisineCraft: Database connection successful.
2025-07-25 22:09:35,397 [INFO] CuisineCraft: All tables created or already exist.
2025-07-25 22:09:35,401 [INFO] CuisineCraft: Disconnecting from database.
2025-07-25 22:09:35,569 [INFO] CuisineCraft: Connecting to database...
2025-07-25 22:09:35,570 [INFO] CuisineCraft: Database connection successful.
2025-07-25 22:09:35,573 [INFO] CuisineCraft: All tables created or already exist.
2025-07-25 22:09:35,576 [INFO] CuisineCraft: Disconnecting from database.
2025-07-25 22:09:35,634 [INFO] CuisineCraft: Connecting to database...
2025-07-25 22:09:35,636 [INFO] CuisineCraft: Database connection successful.
2025-07-25 22:09:35,639 [INFO] CuisineCraft: All tables created or already exist.
2025-07-25 22:09:35,642 [INFO] CuisineCraft: Disconnecting from database.
2025-07-25 22:13:04,679 [INFO] CuisineCraft: Connecting to database...
2025-07-25 22:13:04,680 [INFO] CuisineCraft: Database connection successful.
2025-07-25 22:13:04,681 [INFO] CuisineCraft: All tables created or already exist.
2025-07-25 22:13:04,690 [INFO] CuisineCraft: Disconnecting from database.
2025-07-25 22:13:04,692 [INFO] CuisineCraft: Connecting to database...
2025-07-25 22:13:04,693 [INFO] CuisineCraft: Database connection successful.
2025-07-25 22:13:04,695 [INFO] CuisineCraft: All tables created or already exist.
2025-07-25 22:13:04,699 [INFO] CuisineCraft: Disconnecting from database.
2025-07-25 22:13:04,701 [INFO] CuisineCraft: Connecting to database...
2025-07-25 22:13:04,702 [INFO] CuisineCraft: Database connection successful.
2025-07-25 22:13:04,704 [INFO] CuisineCraft: All tables created or already exist.
2025-07-25 22:13:04,705 [INFO] CuisineCraft: Disconnecting from database.
2025-07-25 22:13:04,706 [INFO] CuisineCraft: Connecting to database...
2025-07-25 22:13:04,707 [INFO] CuisineCraft: Database connection successful.
2025-07-25 22:13:04,709 [INFO] CuisineCraft: All tables created or already exist.
2025-07-25 22:13:04,715 [INFO] CuisineCraft: Disconnecting from database.
2025-07-25 22:13:04,839 [INFO] CuisineCraft: Connecting to database...
2025-07-25 22:13:04,840 [INFO] CuisineCraft: Database connection successful.
2025-07-25 22:13:04,842 [INFO] CuisineCraft: All tables created or already exist.
2025-07-25 22:13:04,844 [INFO] CuisineCraft: Disconnecting from database.
2025-07-25 22:13:04,889 [INFO] CuisineCraft: Connecting to database...
2025-07-25 22:13:04,889 [INFO] CuisineCraft: Database connection successful.
2025-07-25 22:13:04,892 [INFO] CuisineCraft: All tables created or already exist.
2025-07-25 22:13:04,896 [INFO] CuisineCraft: Disconnecting from database.
2025-07-25 22:15:01,658 [INFO] CuisineCraft: Connecting to database...
2025-07-25 22:15:01,659 [INFO] CuisineCraft: Database connection successful.
2025-07-25 22:15:01,661 [INFO] CuisineCraft: All tables created or already exist.
2025-07-25 22:15:01,666 [INFO] CuisineCraft: Disconnecting from database.
2025-07-25 22:15:01,667 [INFO] CuisineCraft: Connecting to database...
2025-07-25 22:15:01,668 [INFO] CuisineCraft: Database connection successful.
2025-07-25 22:15:01,672 [INFO] CuisineCraft: All tables created or already exist.
2025-07-25 22:15:01,674 [INFO] CuisineCraft: Disconnecting from database.
2025-07-25 22:15:01,676 [INFO] CuisineCraft: Connecting to database...
2025-07-25 22:15:01,677 [INFO] CuisineCraft: Database connection successful.
2025-07-25 22:15:01,681 [INFO] CuisineCraft: All tables created or already exist.
2025-07-25 22:15:01,681 [INFO] CuisineCraft: Disconnecting from database.
2025-07-25 22:15:01,683 [INFO] CuisineCraft: Connecting to database...
2025-07-25 22:15:01,684 [INFO] CuisineCraft: Database connection successful.
2025-07-25 22:15:01,685 [INFO] CuisineCraft: All tables created or already exist.
2025-07-25 22:15:01,688 [INFO] CuisineCraft: Disconnecting from database.
2025-07-25 22:15:01,818 [INFO] CuisineCraft: Connecting to database...
2025-07-25 22:15:01,818 [INFO] CuisineCraft: Database connection successful.
2025-07-25 22:15:01,821 [INFO] CuisineCraft: All tables created or already exist.
2025-07-25 22:15:01,823 [INFO] CuisineCraft: Disconnecting from database.
2025-07-25 22:15:01,850 [INFO] CuisineCraft: Connecting to database...
2025-07-25 22:15:01,851 [INFO] CuisineCraft: Database connection successful.
2025-07-25 22:15:01,853 [INFO] CuisineCraft: All tables created or already exist.
2025-07-25 22:15:01,855 [INFO] CuisineCraft: Disconnecting from database.
2025-07-25 22:20:02,051 [INFO] CuisineCraft: Connecting to database...
2025-07-25 22:20:02,052 [INFO] CuisineCraft: Database connection successful.
2025-07-25 22:20:02,053 [INFO] CuisineCraft: All tables created or already exist.
2025-07-25 22:20:02,059 [INFO] CuisineCraft: Disconnecting from database.
2025-07-25 22:20:02,059 [INFO] CuisineCraft: Connecting to database...
2025-07-25 22:20:02,060 [INFO] CuisineCraft: Database connection successful.
2025-07-25 22:20:02,062 [INFO] CuisineCraft: All tables created or already exist.
2025-07-25 22:20:02,065 [INFO] CuisineCraft: Disconnecting from database.
2025-07-25 22:20:02,066 [INFO] CuisineCraft: Connecting to database...
2025-07-25 22:20:02,068 [INFO] CuisineCraft: Database connection successful.
2025-07-25 22:20:02,069 [INFO] CuisineCraft: All tables created or already exist.
2025-07-25 22:20:02,070 [INFO] CuisineCraft: Disconnecting from database.
2025-07-25 22:20:02,072 [INFO] CuisineCraft: Connecting to database...
2025-07-25 22:20:02,073 [INFO] CuisineCraft: Database connection successful.
2025-07-25 22:20:02,075 [INFO] CuisineCraft: All tables created or already exist.
2025-07-25 22:20:02,078 [INFO] CuisineCraft: Disconnecting from database.
2025-07-25 22:20:02,200 [INFO] CuisineCraft: Connecting to database...
2025-07-25 22:20:02,200 [INFO] CuisineCraft: Database connection successful.
2025-07-25 22:20:02,202 [INFO] CuisineCraft: All tables created or already exist.
2025-07-25 22:20:02,204 [INFO] CuisineCraft: Disconnecting from database.
2025-07-25 22:20:02,229 [INFO] CuisineCraft: Connecting to database...
2025-07-25 22:20:02,229 [INFO] CuisineCraft: Database connection successful.
2025-07-25 22:20:02,231 [INFO] CuisineCraft: All tables created or already exist.
2025-07-25 22:20:02,234 [INFO] CuisineCraft: Disconnecting from database.
